<?xml version="1.0" encoding="UTF-8"?>
<!-- Generated by org.testng.reporters.JUnitReportReporter -->
<testsuite skipped="0" hostname="MININT-BKP9RNA" name="Jacoco.CodeCoverage.TestCodeCoverage" tests="2" failures="0" timestamp="29 Oct 2020 11:45:54 GMT" time="0.109" errors="0">
  <testcase name="PostiveTests" time="0.018" classname="Jacoco.CodeCoverage.TestCodeCoverage"/>
  <testcase name="NegativeTests" time="0.091" classname="Jacoco.CodeCoverage.TestCodeCoverage"/>
</testsuite> <!-- Jacoco.CodeCoverage.TestCodeCoverage -->
