<?xml version="1.0" encoding="UTF-8"?>
<!-- Generated by org.testng.reporters.JUnitReportReporter -->
<testsuite skipped="0" hostname="MININT-BKP9RNA" name="Jacoco.CodeCoverage.AppTest" tests="1" failures="0" timestamp="29 Oct 2020 11:49:30 GMT" time="0.002" errors="0">
  <testcase name="testApp" time="0.002" classname="Jacoco.CodeCoverage.AppTest"/>
</testsuite> <!-- Jacoco.CodeCoverage.AppTest -->
