<?xml version="1.0" encoding="UTF-8"?>
<testsuite xmlns:xsi="http://www.w3.org/2001/XMLSchema-instance" xsi:noNamespaceSchemaLocation="https://maven.apache.org/surefire/maven-surefire-plugin/xsd/surefire-test-report.xsd" name="com.kohith.AppTest" time="0.051" tests="1" errors="0" skipped="0" failures="0">
  <properties>
    <property name="sun.desktop" value="windows"/>
    <property name="awt.toolkit" value="sun.awt.windows.WToolkit"/>
    <property name="file.encoding.pkg" value="sun.io"/>
    <property name="java.specification.version" value="1.8"/>
    <property name="sun.cpu.isalist" value="amd64"/>
    <property name="sun.jnu.encoding" value="Cp1252"/>
    <property name="java.class.path" value="D:\workspace\VS Code\Java Application\two\demo\target\test-classes;D:\workspace\VS Code\Java Application\two\demo\target\classes;C:\Users\kohith\.m2\repository\junit\junit\4.11\junit-4.11.jar;C:\Users\kohith\.m2\repository\org\hamcrest\hamcrest-core\1.3\hamcrest-core-1.3.jar;"/>
    <property name="java.vm.vendor" value="Oracle Corporation"/>
    <property name="sun.arch.data.model" value="64"/>
    <property name="user.variant" value=""/>
    <property name="java.vendor.url" value="http://java.oracle.com/"/>
    <property name="user.timezone" value="Asia/Calcutta"/>
    <property name="java.vm.specification.version" value="1.8"/>
    <property name="os.name" value="Windows 11"/>
    <property name="user.country" value="US"/>
    <property name="sun.java.launcher" value="SUN_STANDARD"/>
    <property name="sun.boot.library.path" value="C:\Program Files\Java\jdk-1.8\jre\bin"/>
    <property name="sun.java.command" value="C:\Users\kohith\AppData\Local\Temp\surefire2078776984279924471\surefirebooter2644728514350277429.jar C:\Users\kohith\AppData\Local\Temp\surefire2078776984279924471 2023-12-20T12-43-27_438-jvmRun1 surefire3580876818939317331tmp surefire_07528130061382184938tmp"/>
    <property name="surefire.test.class.path" value="D:\workspace\VS Code\Java Application\two\demo\target\test-classes;D:\workspace\VS Code\Java Application\two\demo\target\classes;C:\Users\kohith\.m2\repository\junit\junit\4.11\junit-4.11.jar;C:\Users\kohith\.m2\repository\org\hamcrest\hamcrest-core\1.3\hamcrest-core-1.3.jar;"/>
    <property name="sun.cpu.endian" value="little"/>
    <property name="user.home" value="C:\Users\kohith"/>
    <property name="user.language" value="en"/>
    <property name="java.specification.vendor" value="Oracle Corporation"/>
    <property name="java.home" value="C:\Program Files\Java\jdk-1.8\jre"/>
    <property name="basedir" value="D:\workspace\VS Code\Java Application\two\demo"/>
    <property name="file.separator" value="\"/>
    <property name="line.separator" value="&#10;"/>
    <property name="java.vm.specification.vendor" value="Oracle Corporation"/>
    <property name="java.specification.name" value="Java Platform API Specification"/>
    <property name="java.awt.graphicsenv" value="sun.awt.Win32GraphicsEnvironment"/>
    <property name="surefire.real.class.path" value="C:\Users\kohith\AppData\Local\Temp\surefire2078776984279924471\surefirebooter2644728514350277429.jar"/>
    <property name="sun.boot.class.path" value="C:\Program Files\Java\jdk-1.8\jre\lib\resources.jar;C:\Program Files\Java\jdk-1.8\jre\lib\rt.jar;C:\Program Files\Java\jdk-1.8\jre\lib\jsse.jar;C:\Program Files\Java\jdk-1.8\jre\lib\jce.jar;C:\Program Files\Java\jdk-1.8\jre\lib\charsets.jar;C:\Program Files\Java\jdk-1.8\jre\lib\jfr.jar;C:\Program Files\Java\jdk-1.8\jre\classes"/>
    <property name="user.script" value=""/>
    <property name="sun.management.compiler" value="HotSpot 64-Bit Tiered Compilers"/>
    <property name="java.runtime.version" value="1.8.0_391-b13"/>
    <property name="user.name" value="kohith"/>
    <property name="path.separator" value=";"/>
    <property name="os.version" value="10.0"/>
    <property name="java.endorsed.dirs" value="C:\Program Files\Java\jdk-1.8\jre\lib\endorsed"/>
    <property name="java.runtime.name" value="Java(TM) SE Runtime Environment"/>
    <property name="file.encoding" value="Cp1252"/>
    <property name="java.vm.name" value="Java HotSpot(TM) 64-Bit Server VM"/>
    <property name="localRepository" value="C:\Users\kohith\.m2\repository"/>
    <property name="java.vendor.url.bug" value="http://bugreport.sun.com/bugreport/"/>
    <property name="java.io.tmpdir" value="C:\Users\kohith\AppData\Local\Temp\"/>
    <property name="java.version" value="1.8.0_391"/>
    <property name="user.dir" value="D:\workspace\VS Code\Java Application\two\demo"/>
    <property name="os.arch" value="amd64"/>
    <property name="java.vm.specification.name" value="Java Virtual Machine Specification"/>
    <property name="java.awt.printerjob" value="sun.awt.windows.WPrinterJob"/>
    <property name="sun.os.patch.level" value=""/>
    <property name="java.library.path" value="C:\Program Files\Java\jdk-1.8\jre\bin;C:\WINDOWS\Sun\Java\bin;C:\WINDOWS\system32;C:\WINDOWS;C:\Program Files\PowerShell\7;C:\Program Files (x86)\Common Files\Oracle\Java\javapath;C:\Program Files\Python311\Scripts\;C:\Program Files\Python311\;C:\Python312\Scripts\;C:\Python312\;C:\Users\kohith\AppData\Local\Programs\Python\Python310\;C:\Program Files\Microsoft\jdk-1.8\bin;C:\Program Files (x86)\Microsoft SDKs\Azure\CLI2\wbin;C:\Program Files\Microsoft MPI\Bin\;C:\Program Files\Common Files\Microsoft Shared\Microsoft Online Services;C:\Program Files (x86)\Common Files\Microsoft Shared\Microsoft Online Services;C:\WINDOWS\system32;C:\WINDOWS;C:\WINDOWS\System32\Wbem;C:\WINDOWS\System32\WindowsPowerShell\v1.0\;C:\WINDOWS\System32\OpenSSH\;C:\Program Files (x86)\Microsoft SQL Server\150\DTS\Binn\;C:\Program Files\Microsoft SQL Server\Client SDK\ODBC\170\Tools\Binn\;C:\Program Files (x86)\Microsoft SQL Server\150\Tools\Binn\;C:\Program Files\Microsoft SQL Server\150\Tools\Binn\;C:\Program Files\Microsoft SQL Server\150\DTS\Binn\;C:\Program Files\dotnet\;C:\Program Files\Microsoft SQL Server\130\Tools\Binn\;C:\Program Files\apache-maven-3.9.3;C:\Program Files\Java\jdk1.8.0_333;C:\WINDOWS\system32;C:\WINDOWS;C:\WINDOWS\System32\Wbem;C:\WINDOWS\System32\WindowsPowerShell\v1.0\;C:\WINDOWS\System32\OpenSSH\;C:\ProgramData\chocolatey\bin;C:\Users\kohith\AppData\Local\pnpm;C:\Users\kohith\AppData\Local\Programs\Python\Python310\Scripts;C:\Users\kohith\go\bin;C:\Users\kohith\AppData\Roaming\npm;C:\Program Files\Azure Data Studio\bin;C:\Users\kohith\.dotnet\tools;C:\Users\kohith\AppData\Local\Programs\Fiddler;C:\Users\kohith\.dotnet\tools;C:\Users\kohith\AppData\Local\Programs\oh-my-posh\bin;C:\Users\kohith\Programs\Microsoft VS Code\bin;C:\Program Files (x86)\apache-maven-3.8.1\;C:\Users\kohith\AppData\Local\Microsoft\WindowsApps;C:\Program Files\Java\jdk1.8.0_361;C:\Program Files (x86)\apache-maven-3.9.6\bin\;C:\Program Files\PuTTY\;C:\Program Files\Git\cmd;C:\Program Files\PowerShell\7\;C:\Program Files\nodejs\;C:\Program Files\Docker\Docker\resources\bin;%PNPM_HOME%;C:\Users\kohith\AppData\Local\Programs\Python\Python310\;C:\Users\kohith\go\bin;C:\Program Files\Azure Data Studio\bin;C:\Users\kohith\.dotnet\tools;C:\Users\kohith\AppData\Local\Programs\Fiddler;C:\Users\kohith\.dotnet\tools;C:\Users\kohith\AppData\Local\Programs\oh-my-posh\bin;C:\Users\kohith\Programs\Microsoft VS Code\bin;D:\Softwares\apache-maven-4.0.0-alpha-5;C:\Users\kohith\AppData\Local\Microsoft\WindowsApps;C:\Program Files\Java\jdk-1.8\bin;;C:\Users\kohith\AppData\Local\Programs\Microsoft VS Code Insiders\bin;C:\Users\kohith\AppData\Roaming\npm;."/>
    <property name="java.vm.info" value="mixed mode"/>
    <property name="java.vendor" value="Oracle Corporation"/>
    <property name="java.vm.version" value="25.391-b13"/>
    <property name="java.specification.maintenance.version" value="5"/>
    <property name="java.ext.dirs" value="C:\Program Files\Java\jdk-1.8\jre\lib\ext;C:\WINDOWS\Sun\Java\lib\ext"/>
    <property name="sun.io.unicode.encoding" value="UnicodeLittle"/>
    <property name="java.class.version" value="52.0"/>
  </properties>
  <testcase name="shouldAnswerWithTrue" classname="com.kohith.AppTest" time="0.002"/>
</testsuite>